Build started 3/8/2012 12:07:49 PM.
     1>Project "C:\Users\Socrates\Documents\Visual Studio 2010\Projects\Problem14\Problem14\Problem14.vcxproj" on node 2 (build target(s)).
     1>InitializeBuildStatus:
         Creating "Debug\Problem14.unsuccessfulbuild" because "AlwaysCreate" was specified.
       ClCompile:
         c:\Program Files (x86)\Microsoft Visual Studio 10.0\VC\bin\CL.exe /c /ZI /nologo /W3 /WX- /Od /Oy- /D WIN32 /D _DEBUG /D _CONSOLE /D _UNICODE /D UNICODE /Gm /EHsc /RTC1 /MDd /GS /fp:precise /Zc:wchar_t /Zc:forScope /Yc"StdAfx.h" /Fp"Debug\Problem14.pch" /Fo"Debug\\" /Fd"Debug\vc100.pdb" /Gd /TP /analyze- /errorReport:prompt stdafx.cpp
         stdafx.cpp
         c:\Program Files (x86)\Microsoft Visual Studio 10.0\VC\bin\CL.exe /c /ZI /nologo /W3 /WX- /Od /Oy- /D WIN32 /D _DEBUG /D _CONSOLE /D _UNICODE /D UNICODE /Gm /EHsc /RTC1 /MDd /GS /fp:precise /Zc:wchar_t /Zc:forScope /Yu"StdAfx.h" /Fp"Debug\Problem14.pch" /Fo"Debug\\" /Fd"Debug\vc100.pdb" /Gd /TP /analyze- /errorReport:prompt Problem14.cpp
         Problem14.cpp
       ManifestResourceCompile:
         C:\Program Files (x86)\Microsoft SDKs\Windows\v7.0A\bin\rc.exe /nologo /fo"Debug\Problem14.exe.embed.manifest.res" Debug\Problem14_manifest.rc 
       Link:
         c:\Program Files (x86)\Microsoft Visual Studio 10.0\VC\bin\link.exe /ERRORREPORT:PROMPT /OUT:"C:\Users\Socrates\Documents\Visual Studio 2010\Projects\Problem14\Debug\Problem14.exe" /INCREMENTAL /NOLOGO kernel32.lib user32.lib gdi32.lib winspool.lib comdlg32.lib advapi32.lib shell32.lib ole32.lib oleaut32.lib uuid.lib odbc32.lib odbccp32.lib /MANIFEST /ManifestFile:"Debug\Problem14.exe.intermediate.manifest" /MANIFESTUAC:"level='asInvoker' uiAccess='false'" /DEBUG /PDB:"C:\Users\Socrates\Documents\Visual Studio 2010\Projects\Problem14\Debug\Problem14.pdb" /SUBSYSTEM:CONSOLE /TLBID:1 /DYNAMICBASE /NXCOMPAT /IMPLIB:"C:\Users\Socrates\Documents\Visual Studio 2010\Projects\Problem14\Debug\Problem14.lib" /MACHINE:X86 Debug\Problem14.exe.embed.manifest.res
         Debug\Problem14.obj
         Debug\stdafx.obj
       Manifest:
         Deleting file "Debug\Problem14.exe.embed.manifest".
         C:\Program Files (x86)\Microsoft SDKs\Windows\v7.0A\bin\mt.exe /nologo /verbose /out:"Debug\Problem14.exe.embed.manifest" /manifest Debug\Problem14.exe.intermediate.manifest
         C:\Program Files (x86)\Microsoft SDKs\Windows\v7.0A\bin\rc.exe /nologo /fo"Debug\Problem14.exe.embed.manifest.res" Debug\Problem14_manifest.rc 
       LinkEmbedManifest:
         c:\Program Files (x86)\Microsoft Visual Studio 10.0\VC\bin\link.exe /ERRORREPORT:PROMPT /OUT:"C:\Users\Socrates\Documents\Visual Studio 2010\Projects\Problem14\Debug\Problem14.exe" /INCREMENTAL /NOLOGO kernel32.lib user32.lib gdi32.lib winspool.lib comdlg32.lib advapi32.lib shell32.lib ole32.lib oleaut32.lib uuid.lib odbc32.lib odbccp32.lib /MANIFEST /ManifestFile:"Debug\Problem14.exe.intermediate.manifest" /MANIFESTUAC:"level='asInvoker' uiAccess='false'" /DEBUG /PDB:"C:\Users\Socrates\Documents\Visual Studio 2010\Projects\Problem14\Debug\Problem14.pdb" /SUBSYSTEM:CONSOLE /TLBID:1 /DYNAMICBASE /NXCOMPAT /IMPLIB:"C:\Users\Socrates\Documents\Visual Studio 2010\Projects\Problem14\Debug\Problem14.lib" /MACHINE:X86 Debug\Problem14.exe.embed.manifest.res
         Debug\Problem14.obj
         Debug\stdafx.obj
         Problem14.vcxproj -> C:\Users\Socrates\Documents\Visual Studio 2010\Projects\Problem14\Debug\Problem14.exe
       FinalizeBuildStatus:
         Deleting file "Debug\Problem14.unsuccessfulbuild".
         Touching "Debug\Problem14.lastbuildstate".
     1>Done Building Project "C:\Users\Socrates\Documents\Visual Studio 2010\Projects\Problem14\Problem14\Problem14.vcxproj" (build target(s)).

Build succeeded.

Time Elapsed 00:00:03.81
